
[INFO] [2025-03-15 11:31:00] - program started / logger initializated
[INFO] [2025-03-15 11:31:00] - file 'dictionary.txt' was opened for reading
[INFO] [2025-03-15 11:31:00] - all records from file 'dictionary.txt' have been read
[INFO] [2025-03-15 11:31:00] - file 'dictionary.txt' was closed
[INFO] [2025-03-15 11:31:00] - program's startup complete, waiting for user input
[INFO] [2025-03-15 11:31:07] - user input is 'hello', begining to find the score
[INFO] [2025-03-15 11:31:07] - scoring was finished, now outputing the results
[INFO] [2025-03-15 11:31:07] - results outputed, program was finished

[INFO] [2025-03-15 11:31:14] - program started / logger initializated
[INFO] [2025-03-15 11:31:14] - file 'dictionary.txt' was opened for reading
[INFO] [2025-03-15 11:31:14] - all records from file 'dictionary.txt' have been read
[INFO] [2025-03-15 11:31:14] - file 'dictionary.txt' was closed
[INFO] [2025-03-15 11:31:14] - program's startup complete, waiting for user input
[INFO] [2025-03-15 11:31:18] - user input is 'lol', begining to find the score
[INFO] [2025-03-15 11:31:18] - scoring was finished, now outputing the results
[INFO] [2025-03-15 11:31:18] - results outputed, program was finished

[INFO] [2025-04-08 12:37:40] - program started / logger initializated
[INFO] [2025-04-08 12:37:40] - file 'dictionary.txt' was opened for reading
[INFO] [2025-04-08 12:37:40] - all records from file 'dictionary.txt' have been read
[INFO] [2025-04-08 12:37:40] - file 'dictionary.txt' was closed
[INFO] [2025-04-08 12:37:40] - program's startup complete, waiting for user input
[INFO] [2025-04-08 12:37:43] - user input is 'hello', begining to find the score
[INFO] [2025-04-08 12:37:43] - scoring was finished, now outputing the results
[INFO] [2025-04-08 12:37:43] - results outputed, program was finished

[INFO] [2025-04-08 12:44:18] - program started / logger initializated
[INFO] [2025-04-08 12:44:18] - file 'dictionary.txt' was opened for reading
[INFO] [2025-04-08 12:44:18] - all records from file 'dictionary.txt' have been read
[INFO] [2025-04-08 12:44:18] - file 'dictionary.txt' was closed
[INFO] [2025-04-08 12:44:18] - program's startup complete, waiting for user input
[INFO] [2025-04-08 12:44:20] - user input is 'hello', begining to find the score
[INFO] [2025-04-08 12:44:20] - scoring was finished, now outputing the results
[INFO] [2025-04-08 12:44:20] - results outputed, program was finished
